<?xml version="1.0" encoding="UTF-8"?>
<testsuite xmlns:xsi="http://www.w3.org/2001/XMLSchema-instance" xsi:noNamespaceSchemaLocation="https://maven.apache.org/surefire/maven-surefire-plugin/xsd/surefire-test-report.xsd" name="tests.PostTests" time="2.384" tests="1" errors="0" skipped="0" failures="1">
  <properties>
    <property name="java.specification.version" value="19"/>
    <property name="sun.cpu.isalist" value="amd64"/>
    <property name="sun.jnu.encoding" value="Cp1254"/>
    <property name="java.class.path" value="C:\Users\Necibe\yazilim_test_projesi\target\test-classes;C:\Users\Necibe\yazilim_test_projesi\target\classes;C:\Users\Necibe\.m2\repository\io\rest-assured\rest-assured\4.5.1\rest-assured-4.5.1.jar;C:\Users\Necibe\.m2\repository\org\codehaus\groovy\groovy\3.0.9\groovy-3.0.9.jar;C:\Users\Necibe\.m2\repository\org\codehaus\groovy\groovy-xml\3.0.9\groovy-xml-3.0.9.jar;C:\Users\Necibe\.m2\repository\org\apache\httpcomponents\httpclient\4.5.13\httpclient-4.5.13.jar;C:\Users\Necibe\.m2\repository\org\apache\httpcomponents\httpcore\4.4.13\httpcore-4.4.13.jar;C:\Users\Necibe\.m2\repository\commons-logging\commons-logging\1.2\commons-logging-1.2.jar;C:\Users\Necibe\.m2\repository\commons-codec\commons-codec\1.11\commons-codec-1.11.jar;C:\Users\Necibe\.m2\repository\org\apache\httpcomponents\httpmime\4.5.13\httpmime-4.5.13.jar;C:\Users\Necibe\.m2\repository\org\hamcrest\hamcrest\2.1\hamcrest-2.1.jar;C:\Users\Necibe\.m2\repository\org\ccil\cowan\tagsoup\tagsoup\1.2.1\tagsoup-1.2.1.jar;C:\Users\Necibe\.m2\repository\io\rest-assured\json-path\4.5.1\json-path-4.5.1.jar;C:\Users\Necibe\.m2\repository\org\codehaus\groovy\groovy-json\3.0.9\groovy-json-3.0.9.jar;C:\Users\Necibe\.m2\repository\io\rest-assured\rest-assured-common\4.5.1\rest-assured-common-4.5.1.jar;C:\Users\Necibe\.m2\repository\io\rest-assured\xml-path\4.5.1\xml-path-4.5.1.jar;C:\Users\Necibe\.m2\repository\org\json\json\20210307\json-20210307.jar;C:\Users\Necibe\.m2\repository\junit\junit\4.13.2\junit-4.13.2.jar;C:\Users\Necibe\.m2\repository\org\hamcrest\hamcrest-core\1.3\hamcrest-core-1.3.jar;C:\Users\Necibe\.m2\repository\com\github\tomakehurst\wiremock-jre8\2.35.0\wiremock-jre8-2.35.0.jar;C:\Users\Necibe\.m2\repository\org\eclipse\jetty\jetty-server\9.4.49.v20220914\jetty-server-9.4.49.v20220914.jar;C:\Users\Necibe\.m2\repository\javax\servlet\javax.servlet-api\3.1.0\javax.servlet-api-3.1.0.jar;C:\Users\Necibe\.m2\repository\org\eclipse\jetty\jetty-http\9.4.49.v20220914\jetty-http-9.4.49.v20220914.jar;C:\Users\Necibe\.m2\repository\org\eclipse\jetty\jetty-io\9.4.49.v20220914\jetty-io-9.4.49.v20220914.jar;C:\Users\Necibe\.m2\repository\org\eclipse\jetty\jetty-servlet\9.4.49.v20220914\jetty-servlet-9.4.49.v20220914.jar;C:\Users\Necibe\.m2\repository\org\eclipse\jetty\jetty-security\9.4.49.v20220914\jetty-security-9.4.49.v20220914.jar;C:\Users\Necibe\.m2\repository\org\eclipse\jetty\jetty-util-ajax\9.4.49.v20220914\jetty-util-ajax-9.4.49.v20220914.jar;C:\Users\Necibe\.m2\repository\org\eclipse\jetty\jetty-servlets\9.4.49.v20220914\jetty-servlets-9.4.49.v20220914.jar;C:\Users\Necibe\.m2\repository\org\eclipse\jetty\jetty-continuation\9.4.49.v20220914\jetty-continuation-9.4.49.v20220914.jar;C:\Users\Necibe\.m2\repository\org\eclipse\jetty\jetty-util\9.4.49.v20220914\jetty-util-9.4.49.v20220914.jar;C:\Users\Necibe\.m2\repository\org\eclipse\jetty\jetty-webapp\9.4.49.v20220914\jetty-webapp-9.4.49.v20220914.jar;C:\Users\Necibe\.m2\repository\org\eclipse\jetty\jetty-xml\9.4.49.v20220914\jetty-xml-9.4.49.v20220914.jar;C:\Users\Necibe\.m2\repository\org\eclipse\jetty\jetty-proxy\9.4.49.v20220914\jetty-proxy-9.4.49.v20220914.jar;C:\Users\Necibe\.m2\repository\org\eclipse\jetty\jetty-client\9.4.49.v20220914\jetty-client-9.4.49.v20220914.jar;C:\Users\Necibe\.m2\repository\org\eclipse\jetty\http2\http2-server\9.4.49.v20220914\http2-server-9.4.49.v20220914.jar;C:\Users\Necibe\.m2\repository\org\eclipse\jetty\http2\http2-common\9.4.49.v20220914\http2-common-9.4.49.v20220914.jar;C:\Users\Necibe\.m2\repository\org\eclipse\jetty\http2\http2-hpack\9.4.49.v20220914\http2-hpack-9.4.49.v20220914.jar;C:\Users\Necibe\.m2\repository\org\eclipse\jetty\jetty-alpn-server\9.4.49.v20220914\jetty-alpn-server-9.4.49.v20220914.jar;C:\Users\Necibe\.m2\repository\org\eclipse\jetty\jetty-alpn-java-server\9.4.49.v20220914\jetty-alpn-java-server-9.4.49.v20220914.jar;C:\Users\Necibe\.m2\repository\org\eclipse\jetty\jetty-alpn-openjdk8-server\9.4.49.v20220914\jetty-alpn-openjdk8-server-9.4.49.v20220914.jar;C:\Users\Necibe\.m2\repository\org\eclipse\jetty\jetty-alpn-java-client\9.4.49.v20220914\jetty-alpn-java-client-9.4.49.v20220914.jar;C:\Users\Necibe\.m2\repository\org\eclipse\jetty\jetty-alpn-client\9.4.49.v20220914\jetty-alpn-client-9.4.49.v20220914.jar;C:\Users\Necibe\.m2\repository\org\eclipse\jetty\jetty-alpn-openjdk8-client\9.4.49.v20220914\jetty-alpn-openjdk8-client-9.4.49.v20220914.jar;C:\Users\Necibe\.m2\repository\com\google\guava\guava\31.1-jre\guava-31.1-jre.jar;C:\Users\Necibe\.m2\repository\com\google\guava\failureaccess\1.0.1\failureaccess-1.0.1.jar;C:\Users\Necibe\.m2\repository\com\google\guava\listenablefuture\9999.0-empty-to-avoid-conflict-with-guava\listenablefuture-9999.0-empty-to-avoid-conflict-with-guava.jar;C:\Users\Necibe\.m2\repository\com\google\code\findbugs\jsr305\3.0.2\jsr305-3.0.2.jar;C:\Users\Necibe\.m2\repository\org\checkerframework\checker-qual\3.12.0\checker-qual-3.12.0.jar;C:\Users\Necibe\.m2\repository\com\google\errorprone\error_prone_annotations\2.11.0\error_prone_annotations-2.11.0.jar;C:\Users\Necibe\.m2\repository\com\google\j2objc\j2objc-annotations\1.3\j2objc-annotations-1.3.jar;C:\Users\Necibe\.m2\repository\com\fasterxml\jackson\core\jackson-core\2.13.4\jackson-core-2.13.4.jar;C:\Users\Necibe\.m2\repository\com\fasterxml\jackson\core\jackson-annotations\2.13.4\jackson-annotations-2.13.4.jar;C:\Users\Necibe\.m2\repository\com\fasterxml\jackson\core\jackson-databind\2.13.4.2\jackson-databind-2.13.4.2.jar;C:\Users\Necibe\.m2\repository\org\apache\httpcomponents\client5\httpclient5\5.1.3\httpclient5-5.1.3.jar;C:\Users\Necibe\.m2\repository\org\apache\httpcomponents\core5\httpcore5\5.1.3\httpcore5-5.1.3.jar;C:\Users\Necibe\.m2\repository\org\apache\httpcomponents\core5\httpcore5-h2\5.1.3\httpcore5-h2-5.1.3.jar;C:\Users\Necibe\.m2\repository\org\xmlunit\xmlunit-core\2.9.0\xmlunit-core-2.9.0.jar;C:\Users\Necibe\.m2\repository\jakarta\xml\bind\jakarta.xml.bind-api\2.3.3\jakarta.xml.bind-api-2.3.3.jar;C:\Users\Necibe\.m2\repository\jakarta\activation\jakarta.activation-api\1.2.2\jakarta.activation-api-1.2.2.jar;C:\Users\Necibe\.m2\repository\org\xmlunit\xmlunit-legacy\2.9.0\xmlunit-legacy-2.9.0.jar;C:\Users\Necibe\.m2\repository\org\xmlunit\xmlunit-placeholders\2.9.0\xmlunit-placeholders-2.9.0.jar;C:\Users\Necibe\.m2\repository\net\javacrumbs\json-unit\json-unit-core\2.36.0\json-unit-core-2.36.0.jar;C:\Users\Necibe\.m2\repository\com\jayway\jsonpath\json-path\2.7.0\json-path-2.7.0.jar;C:\Users\Necibe\.m2\repository\net\minidev\json-smart\2.4.7\json-smart-2.4.7.jar;C:\Users\Necibe\.m2\repository\net\minidev\accessors-smart\2.4.7\accessors-smart-2.4.7.jar;C:\Users\Necibe\.m2\repository\org\ow2\asm\asm\9.4\asm-9.4.jar;C:\Users\Necibe\.m2\repository\net\sf\jopt-simple\jopt-simple\5.0.4\jopt-simple-5.0.4.jar;C:\Users\Necibe\.m2\repository\org\apache\commons\commons-lang3\3.12.0\commons-lang3-3.12.0.jar;C:\Users\Necibe\.m2\repository\com\github\jknack\handlebars\4.3.1\handlebars-4.3.1.jar;C:\Users\Necibe\.m2\repository\com\github\jknack\handlebars-helpers\4.3.1\handlebars-helpers-4.3.1.jar;C:\Users\Necibe\.m2\repository\commons-fileupload\commons-fileupload\1.4\commons-fileupload-1.4.jar;C:\Users\Necibe\.m2\repository\commons-io\commons-io\2.11.0\commons-io-2.11.0.jar;C:\Users\Necibe\.m2\repository\org\slf4j\slf4j-api\1.7.36\slf4j-api-1.7.36.jar;"/>
    <property name="java.vm.vendor" value="Oracle Corporation"/>
    <property name="sun.arch.data.model" value="64"/>
    <property name="user.variant" value=""/>
    <property name="java.vendor.url" value="https://java.oracle.com/"/>
    <property name="user.timezone" value="Europe/Istanbul"/>
    <property name="os.name" value="Windows 11"/>
    <property name="java.vm.specification.version" value="19"/>
    <property name="user.country" value="TR"/>
    <property name="sun.java.launcher" value="SUN_STANDARD"/>
    <property name="sun.boot.library.path" value="C:\Program Files\Java\jdk-19\bin"/>
    <property name="sun.java.command" value="C:\Users\Necibe\AppData\Local\Temp\surefire13049981024087807561\surefirebooter2315419481927661464.jar C:\Users\Necibe\AppData\Local\Temp\surefire13049981024087807561 2025-05-21T21-12-02_994-jvmRun1 surefire11496792563924161287tmp surefire_07841084068198322433tmp"/>
    <property name="jdk.debug" value="release"/>
    <property name="test" value="tests.PostTests"/>
    <property name="surefire.test.class.path" value="C:\Users\Necibe\yazilim_test_projesi\target\test-classes;C:\Users\Necibe\yazilim_test_projesi\target\classes;C:\Users\Necibe\.m2\repository\io\rest-assured\rest-assured\4.5.1\rest-assured-4.5.1.jar;C:\Users\Necibe\.m2\repository\org\codehaus\groovy\groovy\3.0.9\groovy-3.0.9.jar;C:\Users\Necibe\.m2\repository\org\codehaus\groovy\groovy-xml\3.0.9\groovy-xml-3.0.9.jar;C:\Users\Necibe\.m2\repository\org\apache\httpcomponents\httpclient\4.5.13\httpclient-4.5.13.jar;C:\Users\Necibe\.m2\repository\org\apache\httpcomponents\httpcore\4.4.13\httpcore-4.4.13.jar;C:\Users\Necibe\.m2\repository\commons-logging\commons-logging\1.2\commons-logging-1.2.jar;C:\Users\Necibe\.m2\repository\commons-codec\commons-codec\1.11\commons-codec-1.11.jar;C:\Users\Necibe\.m2\repository\org\apache\httpcomponents\httpmime\4.5.13\httpmime-4.5.13.jar;C:\Users\Necibe\.m2\repository\org\hamcrest\hamcrest\2.1\hamcrest-2.1.jar;C:\Users\Necibe\.m2\repository\org\ccil\cowan\tagsoup\tagsoup\1.2.1\tagsoup-1.2.1.jar;C:\Users\Necibe\.m2\repository\io\rest-assured\json-path\4.5.1\json-path-4.5.1.jar;C:\Users\Necibe\.m2\repository\org\codehaus\groovy\groovy-json\3.0.9\groovy-json-3.0.9.jar;C:\Users\Necibe\.m2\repository\io\rest-assured\rest-assured-common\4.5.1\rest-assured-common-4.5.1.jar;C:\Users\Necibe\.m2\repository\io\rest-assured\xml-path\4.5.1\xml-path-4.5.1.jar;C:\Users\Necibe\.m2\repository\org\json\json\20210307\json-20210307.jar;C:\Users\Necibe\.m2\repository\junit\junit\4.13.2\junit-4.13.2.jar;C:\Users\Necibe\.m2\repository\org\hamcrest\hamcrest-core\1.3\hamcrest-core-1.3.jar;C:\Users\Necibe\.m2\repository\com\github\tomakehurst\wiremock-jre8\2.35.0\wiremock-jre8-2.35.0.jar;C:\Users\Necibe\.m2\repository\org\eclipse\jetty\jetty-server\9.4.49.v20220914\jetty-server-9.4.49.v20220914.jar;C:\Users\Necibe\.m2\repository\javax\servlet\javax.servlet-api\3.1.0\javax.servlet-api-3.1.0.jar;C:\Users\Necibe\.m2\repository\org\eclipse\jetty\jetty-http\9.4.49.v20220914\jetty-http-9.4.49.v20220914.jar;C:\Users\Necibe\.m2\repository\org\eclipse\jetty\jetty-io\9.4.49.v20220914\jetty-io-9.4.49.v20220914.jar;C:\Users\Necibe\.m2\repository\org\eclipse\jetty\jetty-servlet\9.4.49.v20220914\jetty-servlet-9.4.49.v20220914.jar;C:\Users\Necibe\.m2\repository\org\eclipse\jetty\jetty-security\9.4.49.v20220914\jetty-security-9.4.49.v20220914.jar;C:\Users\Necibe\.m2\repository\org\eclipse\jetty\jetty-util-ajax\9.4.49.v20220914\jetty-util-ajax-9.4.49.v20220914.jar;C:\Users\Necibe\.m2\repository\org\eclipse\jetty\jetty-servlets\9.4.49.v20220914\jetty-servlets-9.4.49.v20220914.jar;C:\Users\Necibe\.m2\repository\org\eclipse\jetty\jetty-continuation\9.4.49.v20220914\jetty-continuation-9.4.49.v20220914.jar;C:\Users\Necibe\.m2\repository\org\eclipse\jetty\jetty-util\9.4.49.v20220914\jetty-util-9.4.49.v20220914.jar;C:\Users\Necibe\.m2\repository\org\eclipse\jetty\jetty-webapp\9.4.49.v20220914\jetty-webapp-9.4.49.v20220914.jar;C:\Users\Necibe\.m2\repository\org\eclipse\jetty\jetty-xml\9.4.49.v20220914\jetty-xml-9.4.49.v20220914.jar;C:\Users\Necibe\.m2\repository\org\eclipse\jetty\jetty-proxy\9.4.49.v20220914\jetty-proxy-9.4.49.v20220914.jar;C:\Users\Necibe\.m2\repository\org\eclipse\jetty\jetty-client\9.4.49.v20220914\jetty-client-9.4.49.v20220914.jar;C:\Users\Necibe\.m2\repository\org\eclipse\jetty\http2\http2-server\9.4.49.v20220914\http2-server-9.4.49.v20220914.jar;C:\Users\Necibe\.m2\repository\org\eclipse\jetty\http2\http2-common\9.4.49.v20220914\http2-common-9.4.49.v20220914.jar;C:\Users\Necibe\.m2\repository\org\eclipse\jetty\http2\http2-hpack\9.4.49.v20220914\http2-hpack-9.4.49.v20220914.jar;C:\Users\Necibe\.m2\repository\org\eclipse\jetty\jetty-alpn-server\9.4.49.v20220914\jetty-alpn-server-9.4.49.v20220914.jar;C:\Users\Necibe\.m2\repository\org\eclipse\jetty\jetty-alpn-java-server\9.4.49.v20220914\jetty-alpn-java-server-9.4.49.v20220914.jar;C:\Users\Necibe\.m2\repository\org\eclipse\jetty\jetty-alpn-openjdk8-server\9.4.49.v20220914\jetty-alpn-openjdk8-server-9.4.49.v20220914.jar;C:\Users\Necibe\.m2\repository\org\eclipse\jetty\jetty-alpn-java-client\9.4.49.v20220914\jetty-alpn-java-client-9.4.49.v20220914.jar;C:\Users\Necibe\.m2\repository\org\eclipse\jetty\jetty-alpn-client\9.4.49.v20220914\jetty-alpn-client-9.4.49.v20220914.jar;C:\Users\Necibe\.m2\repository\org\eclipse\jetty\jetty-alpn-openjdk8-client\9.4.49.v20220914\jetty-alpn-openjdk8-client-9.4.49.v20220914.jar;C:\Users\Necibe\.m2\repository\com\google\guava\guava\31.1-jre\guava-31.1-jre.jar;C:\Users\Necibe\.m2\repository\com\google\guava\failureaccess\1.0.1\failureaccess-1.0.1.jar;C:\Users\Necibe\.m2\repository\com\google\guava\listenablefuture\9999.0-empty-to-avoid-conflict-with-guava\listenablefuture-9999.0-empty-to-avoid-conflict-with-guava.jar;C:\Users\Necibe\.m2\repository\com\google\code\findbugs\jsr305\3.0.2\jsr305-3.0.2.jar;C:\Users\Necibe\.m2\repository\org\checkerframework\checker-qual\3.12.0\checker-qual-3.12.0.jar;C:\Users\Necibe\.m2\repository\com\google\errorprone\error_prone_annotations\2.11.0\error_prone_annotations-2.11.0.jar;C:\Users\Necibe\.m2\repository\com\google\j2objc\j2objc-annotations\1.3\j2objc-annotations-1.3.jar;C:\Users\Necibe\.m2\repository\com\fasterxml\jackson\core\jackson-core\2.13.4\jackson-core-2.13.4.jar;C:\Users\Necibe\.m2\repository\com\fasterxml\jackson\core\jackson-annotations\2.13.4\jackson-annotations-2.13.4.jar;C:\Users\Necibe\.m2\repository\com\fasterxml\jackson\core\jackson-databind\2.13.4.2\jackson-databind-2.13.4.2.jar;C:\Users\Necibe\.m2\repository\org\apache\httpcomponents\client5\httpclient5\5.1.3\httpclient5-5.1.3.jar;C:\Users\Necibe\.m2\repository\org\apache\httpcomponents\core5\httpcore5\5.1.3\httpcore5-5.1.3.jar;C:\Users\Necibe\.m2\repository\org\apache\httpcomponents\core5\httpcore5-h2\5.1.3\httpcore5-h2-5.1.3.jar;C:\Users\Necibe\.m2\repository\org\xmlunit\xmlunit-core\2.9.0\xmlunit-core-2.9.0.jar;C:\Users\Necibe\.m2\repository\jakarta\xml\bind\jakarta.xml.bind-api\2.3.3\jakarta.xml.bind-api-2.3.3.jar;C:\Users\Necibe\.m2\repository\jakarta\activation\jakarta.activation-api\1.2.2\jakarta.activation-api-1.2.2.jar;C:\Users\Necibe\.m2\repository\org\xmlunit\xmlunit-legacy\2.9.0\xmlunit-legacy-2.9.0.jar;C:\Users\Necibe\.m2\repository\org\xmlunit\xmlunit-placeholders\2.9.0\xmlunit-placeholders-2.9.0.jar;C:\Users\Necibe\.m2\repository\net\javacrumbs\json-unit\json-unit-core\2.36.0\json-unit-core-2.36.0.jar;C:\Users\Necibe\.m2\repository\com\jayway\jsonpath\json-path\2.7.0\json-path-2.7.0.jar;C:\Users\Necibe\.m2\repository\net\minidev\json-smart\2.4.7\json-smart-2.4.7.jar;C:\Users\Necibe\.m2\repository\net\minidev\accessors-smart\2.4.7\accessors-smart-2.4.7.jar;C:\Users\Necibe\.m2\repository\org\ow2\asm\asm\9.4\asm-9.4.jar;C:\Users\Necibe\.m2\repository\net\sf\jopt-simple\jopt-simple\5.0.4\jopt-simple-5.0.4.jar;C:\Users\Necibe\.m2\repository\org\apache\commons\commons-lang3\3.12.0\commons-lang3-3.12.0.jar;C:\Users\Necibe\.m2\repository\com\github\jknack\handlebars\4.3.1\handlebars-4.3.1.jar;C:\Users\Necibe\.m2\repository\com\github\jknack\handlebars-helpers\4.3.1\handlebars-helpers-4.3.1.jar;C:\Users\Necibe\.m2\repository\commons-fileupload\commons-fileupload\1.4\commons-fileupload-1.4.jar;C:\Users\Necibe\.m2\repository\commons-io\commons-io\2.11.0\commons-io-2.11.0.jar;C:\Users\Necibe\.m2\repository\org\slf4j\slf4j-api\1.7.36\slf4j-api-1.7.36.jar;"/>
    <property name="sun.cpu.endian" value="little"/>
    <property name="user.home" value="C:\Users\Necibe"/>
    <property name="user.language" value="tr"/>
    <property name="java.specification.vendor" value="Oracle Corporation"/>
    <property name="java.version.date" value="2023-01-17"/>
    <property name="java.home" value="C:\Program Files\Java\jdk-19"/>
    <property name="file.separator" value="\"/>
    <property name="basedir" value="C:\Users\Necibe\yazilim_test_projesi"/>
    <property name="java.vm.compressedOopsMode" value="Zero based"/>
    <property name="line.separator" value="&#10;"/>
    <property name="java.vm.specification.vendor" value="Oracle Corporation"/>
    <property name="java.specification.name" value="Java Platform API Specification"/>
    <property name="surefire.real.class.path" value="C:\Users\Necibe\AppData\Local\Temp\surefire13049981024087807561\surefirebooter2315419481927661464.jar"/>
    <property name="user.script" value=""/>
    <property name="sun.management.compiler" value="HotSpot 64-Bit Tiered Compilers"/>
    <property name="java.runtime.version" value="19.0.2+7-44"/>
    <property name="user.name" value="Necibe"/>
    <property name="stdout.encoding" value="Cp1254"/>
    <property name="path.separator" value=";"/>
    <property name="os.version" value="10.0"/>
    <property name="java.runtime.name" value="Java(TM) SE Runtime Environment"/>
    <property name="file.encoding" value="UTF-8"/>
    <property name="java.vm.name" value="Java HotSpot(TM) 64-Bit Server VM"/>
    <property name="maven.ext.class.path" value="C:\Users\Necibe\.vscode\extensions\oracle.oracle-java-24.0.0\nbcode\java\maven-nblib\netbeans-eventspy.jar"/>
    <property name="localRepository" value="C:\Users\Necibe\.m2\repository"/>
    <property name="java.vendor.url.bug" value="https://bugreport.java.com/bugreport/"/>
    <property name="java.io.tmpdir" value="C:\Users\Necibe\AppData\Local\Temp\"/>
    <property name="java.version" value="19.0.2"/>
    <property name="user.dir" value="C:\Users\Necibe\yazilim_test_projesi"/>
    <property name="os.arch" value="amd64"/>
    <property name="java.vm.specification.name" value="Java Virtual Machine Specification"/>
    <property name="sun.os.patch.level" value=""/>
    <property name="native.encoding" value="Cp1254"/>
    <property name="java.library.path" value="C:\Program Files\Java\jdk-19\bin;C:\WINDOWS\Sun\Java\bin;C:\WINDOWS\system32;C:\WINDOWS;C:\Program Files\Python313\Scripts\;C:\Program Files\Python313\;C:\Program Files\Common Files\Oracle\Java\javapath;C:\WINDOWS\system32;C:\WINDOWS;C:\WINDOWS\System32\Wbem;C:\WINDOWS\System32\WindowsPowerShell\v1.0\;C:\WINDOWS\System32\OpenSSH\;C:\Program Files\Microsoft SQL Server\150\Tools\Binn\;C:\Program Files\Microsoft SQL Server\Client SDK\ODBC\170\Tools\Binn\;C:\Program Files (x86)\Microsoft SQL Server\160\Tools\Binn\;C:\Program Files\Microsoft SQL Server\160\Tools\Binn\;C:\Program Files\Microsoft SQL Server\160\DTS\Binn\;C:\Program Files (x86)\Microsoft SQL Server\160\DTS\Binn\;C:\Program Files\Azure Data Studio\bin;C:\Program Files\Git\cmd;C:\Program Files\dotnet\;C:\Program Files\nodejs\;C:\Users\Necibe\SeleniumDriver;;%SystemRoot%\system32;%SystemRoot%;%SystemRoot%\System32\Wbem;%SYSTEMROOT%\System32\WindowsPowerShell\v1.0\;%SYSTEMROOT%\System32\OpenSSH\;C:\Users\Necibe\AppData\Local\Microsoft\WindowsApps;C:\Program Files\Azure Data Studio\bin;C:\Users\Necibe\.dotnet\tools;C:\Users\Necibe\AppData\Roaming\npm;C:\Program Files\JetBrains\PyCharm Community Edition 2024.2.3\bin;;C:\Users\Necibe\AppData\Local\Programs\Microsoft VS Code\bin;;."/>
    <property name="java.vm.info" value="mixed mode, sharing"/>
    <property name="stderr.encoding" value="Cp1254"/>
    <property name="java.vendor" value="Oracle Corporation"/>
    <property name="java.vm.version" value="19.0.2+7-44"/>
    <property name="sun.io.unicode.encoding" value="UnicodeLittle"/>
    <property name="java.class.version" value="63.0"/>
  </properties>
  <testcase name="createPost" classname="tests.PostTests" time="1.795">
    <failure message="1 expectation failed.&#10;Expected response time was not a value less than &lt;1000L&gt; mıllıseconds, was 1287 milliseconds (1287 mıllıseconds)." type="java.lang.AssertionError"><![CDATA[java.lang.AssertionError: 
1 expectation failed.
Expected response time was not a value less than <1000L> mıllıseconds, was 1287 milliseconds (1287 mıllıseconds).
	at tests.PostTests.createPost(PostTests.java:34)
]]></failure>
    <system-out><![CDATA[HTTP/1.1 201 Created
Date: Wed, 21 May 2025 18:12:06 GMT
Content-Type: application/json; charset=utf-8
Content-Length: 65
Connection: keep-alive
Access-Control-Allow-Credentials: true
Access-Control-Expose-Headers: Location
Cache-Control: no-cache
Etag: W/"41-GDNaWfnVU6RZhpLbye0veBaqcHA"
Expires: -1
Location: https://jsonplaceholder.typicode.com/posts/101
Nel: {"report_to":"heroku-nel","response_headers":["Via"],"max_age":3600,"success_fraction":0.01,"failure_fraction":0.1}
Pragma: no-cache
Report-To: {"group":"heroku-nel","endpoints":[{"url":"https://nel.heroku.com/reports?s=mLmgVgfCIJOjdNX1mgKN7VIOdG5peme4AqR9hkhc9WM%3D\u0026sid=e11707d5-02a7-43ef-b45e-2cf4d2036f7d\u0026ts=1747851126"}],"max_age":3600}
Reporting-Endpoints: heroku-nel="https://nel.heroku.com/reports?s=mLmgVgfCIJOjdNX1mgKN7VIOdG5peme4AqR9hkhc9WM%3D&sid=e11707d5-02a7-43ef-b45e-2cf4d2036f7d&ts=1747851126"
Server: cloudflare
Vary: Origin, X-HTTP-Method-Override, Accept-Encoding
Via: 2.0 heroku-router
X-Content-Type-Options: nosniff
X-Powered-By: Express
X-Ratelimit-Limit: 1000
X-Ratelimit-Remaining: 998
X-Ratelimit-Reset: 1747851134
Cf-Cache-Status: DYNAMIC
CF-RAY: 94360a4008e0e4b4-OTP
alt-svc: h3=":443"; ma=86400

{
    "title": "foo",
    "body": "bar",
    "userId": 1,
    "id": 101
}
]]></system-out>
  </testcase>
</testsuite>